<?xml version="1.0" encoding="UTF-8"?>
<testsuite xmlns:xsi="http://www.w3.org/2001/XMLSchema-instance" xsi:schemaLocation="https://maven.apache.org/surefire/maven-surefire-plugin/xsd/surefire-test-report.xsd" name="VendingMachine.Service.VendingMachineServiceLayerTest" time="0.047" tests="8" errors="0" skipped="0" failures="0">
  <properties>
[...]
</properties>
  <testcase name="testNoInventoryException" classname="VendingMachine.Service.VendingMachineServiceLayerTest" time="0.001"/>
  <testcase name="testVendFakeItem" classname="VendingMachine.Service.VendingMachineServiceLayerTest" time="0.02"/>
  <testcase name="testVend" classname="VendingMachine.Service.VendingMachineServiceLayerTest" time="0.003"/>
  <testcase name="testGetAllItems" classname="VendingMachine.Service.VendingMachineServiceLayerTest" time="0"/>
  <testcase name="testVendInsufficientFunds" classname="VendingMachine.Service.VendingMachineServiceLayerTest" time="0.002"/>
  <testcase name="testInvalidDeposit" classname="VendingMachine.Service.VendingMachineServiceLayerTest" time="0.004"/>
  <testcase name="testGetChange" classname="VendingMachine.Service.VendingMachineServiceLayerTest" time="0"/>
  <testcase name="testDeposit" classname="VendingMachine.Service.VendingMachineServiceLayerTest" time="0.001"/>
</testsuite>